{"numTotalTestSuites":27,"numPassedTestSuites":19,"numFailedTestSuites":8,"numPendingTestSuites":0,"numTotalTests":31,"numPassedTests":26,"numFailedTests":5,"numPendingTests":0,"numTodoTests":0,"snapshot":{"added":0,"failure":false,"filesAdded":0,"filesRemoved":0,"filesRemovedList":[],"filesUnmatched":0,"filesUpdated":0,"matched":0,"total":0,"unchecked":0,"uncheckedKeysByFile":[],"unmatched":0,"updated":0,"didUpdate":false},"startTime":1750412551252,"success":false,"testResults":[{"assertionResults":[{"ancestorTitles":["API Endpoints","GET /api/activities"],"fullName":"API Endpoints GET /api/activities should return activities for authenticated user","status":"passed","title":"should return activities for authenticated user","duration":3.4956489999999576,"failureMessages":[],"meta":{}},{"ancestorTitles":["API Endpoints","GET /api/activities"],"fullName":"API Endpoints GET /api/activities should filter activities by user permissions","status":"passed","title":"should filter activities by user permissions","duration":0.5448109999999815,"failureMessages":[],"meta":{}},{"ancestorTitles":["API Endpoints","GET /api/contacts"],"fullName":"API Endpoints GET /api/contacts should return contacts for authenticated user","status":"passed","title":"should return contacts for authenticated user","duration":0.42639999999983047,"failureMessages":[],"meta":{}},{"ancestorTitles":["API Endpoints","Authentication middleware"],"fullName":"API Endpoints Authentication middleware should require authentication for protected routes","status":"passed","title":"should require authentication for protected routes","duration":0.2676089999999931,"failureMessages":[],"meta":{}},{"ancestorTitles":["API Endpoints","Authentication middleware"],"fullName":"API Endpoints Authentication middleware should validate user session","status":"passed","title":"should validate user session","duration":0.31490900000017064,"failureMessages":[],"meta":{}}],"startTime":1750412552917,"endTime":1750412552922.315,"status":"passed","message":"","name":"/home/runner/workspace/tests/api.test.ts"},{"assertionResults":[{"ancestorTitles":["Authentication","Microsoft Authentication"],"fullName":"Authentication Microsoft Authentication should authenticate existing user with Microsoft ID","status":"passed","title":"should authenticate existing user with Microsoft ID","duration":3.549180000000206,"failureMessages":[],"meta":{}},{"ancestorTitles":["Authentication","Microsoft Authentication"],"fullName":"Authentication Microsoft Authentication should create new user for unknown Microsoft ID","status":"passed","title":"should create new user for unknown Microsoft ID","duration":3.895319999999856,"failureMessages":[],"meta":{}},{"ancestorTitles":["Authentication","Input Validation"],"fullName":"Authentication Input Validation should validate Microsoft auth data structure","status":"passed","title":"should validate Microsoft auth data structure","duration":0.8989199999998618,"failureMessages":[],"meta":{}},{"ancestorTitles":["Authentication","Input Validation"],"fullName":"Authentication Input Validation should reject invalid email formats","status":"failed","title":"should reject invalid email formats","duration":39.04904999999985,"failureMessages":["AssertionError: expected true to be falsy\n    at /home/runner/workspace/tests/auth.test.ts:104:60\n    at Array.forEach (<anonymous>)\n    at /home/runner/workspace/tests/auth.test.ts:103:21\n    at file:///home/runner/workspace/node_modules/@vitest/runner/dist/chunk-hooks.js:155:11\n    at file:///home/runner/workspace/node_modules/@vitest/runner/dist/chunk-hooks.js:752:26\n    at file:///home/runner/workspace/node_modules/@vitest/runner/dist/chunk-hooks.js:1894:20\n    at new Promise (<anonymous>)\n    at runWithTimeout (file:///home/runner/workspace/node_modules/@vitest/runner/dist/chunk-hooks.js:1860:10)\n    at runTest (file:///home/runner/workspace/node_modules/@vitest/runner/dist/chunk-hooks.js:1571:12)\n    at processTicksAndRejections (node:internal/process/task_queues:95:5)"],"meta":{}}],"startTime":1750412553320,"endTime":1750412553368.049,"status":"failed","message":"","name":"/home/runner/workspace/tests/auth.test.ts"},{"assertionResults":[{"ancestorTitles":["Comprehensive API Health Check","Storage Layer Tests"],"fullName":"Comprehensive API Health Check Storage Layer Tests should create and retrieve users","status":"failed","title":"should create and retrieve users","duration":22.760749000000033,"failureMessages":["Error: connect ECONNREFUSED 127.0.0.1:5432\n    at TCPConnectWrap.afterConnect [as oncomplete] (node:net:1611:16)"],"meta":{}},{"ancestorTitles":["Comprehensive API Health Check","Storage Layer Tests"],"fullName":"Comprehensive API Health Check Storage Layer Tests should handle tenant operations","status":"failed","title":"should handle tenant operations","duration":5.434819999999945,"failureMessages":["Error: connect ECONNREFUSED 127.0.0.1:5432\n    at TCPConnectWrap.afterConnect [as oncomplete] (node:net:1611:16)"],"meta":{}},{"ancestorTitles":["Comprehensive API Health Check","Storage Layer Tests"],"fullName":"Comprehensive API Health Check Storage Layer Tests should create and manage activities","status":"failed","title":"should create and manage activities","duration":4.061609999999746,"failureMessages":["Error: connect ECONNREFUSED 127.0.0.1:5432\n    at TCPConnectWrap.afterConnect [as oncomplete] (node:net:1611:16)"],"meta":{}},{"ancestorTitles":["Comprehensive API Health Check","Storage Layer Tests"],"fullName":"Comprehensive API Health Check Storage Layer Tests should handle missing methods gracefully","status":"passed","title":"should handle missing methods gracefully","duration":0.9614500000002408,"failureMessages":[],"meta":{}},{"ancestorTitles":["Comprehensive API Health Check","API Endpoint Tests"],"fullName":"Comprehensive API Health Check API Endpoint Tests should respond to health check","status":"passed","title":"should respond to health check","duration":32.50410899999997,"failureMessages":[],"meta":{}},{"ancestorTitles":["Comprehensive API Health Check","API Endpoint Tests"],"fullName":"Comprehensive API Health Check API Endpoint Tests should handle authentication check","status":"passed","title":"should handle authentication check","duration":12.897909999999683,"failureMessages":[],"meta":{}},{"ancestorTitles":["Comprehensive API Health Check","API Endpoint Tests"],"fullName":"Comprehensive API Health Check API Endpoint Tests should return empty arrays for unauthenticated API calls requiring auth","status":"passed","title":"should return empty arrays for unauthenticated API calls requiring auth","duration":24.318879999999808,"failureMessages":[],"meta":{}},{"ancestorTitles":["Comprehensive API Health Check","Database Connection Tests"],"fullName":"Comprehensive API Health Check Database Connection Tests should connect to database successfully","status":"passed","title":"should connect to database successfully","duration":4.120579999999791,"failureMessages":[],"meta":{}},{"ancestorTitles":["Comprehensive API Health Check","Error Handling Tests"],"fullName":"Comprehensive API Health Check Error Handling Tests should handle invalid routes gracefully","status":"passed","title":"should handle invalid routes gracefully","duration":9.251599999999598,"failureMessages":[],"meta":{}},{"ancestorTitles":["Comprehensive API Health Check","Error Handling Tests"],"fullName":"Comprehensive API Health Check Error Handling Tests should validate input data","status":"passed","title":"should validate input data","duration":22.954310000000078,"failureMessages":[],"meta":{}},{"ancestorTitles":["Comprehensive API Health Check","Frontend Data Format Tests"],"fullName":"Comprehensive API Health Check Frontend Data Format Tests should return arrays for list endpoints","status":"failed","title":"should return arrays for list endpoints","duration":12.792179999999917,"failureMessages":["Error: connect ECONNREFUSED 127.0.0.1:5432\n    at TCPConnectWrap.afterConnect [as oncomplete] (node:net:1611:16)"],"meta":{}}],"startTime":1750412555173,"endTime":1750412555325.7922,"status":"failed","message":"","name":"/home/runner/workspace/tests/comprehensive.test.ts"},{"assertionResults":[{"ancestorTitles":["Database Integration","Connection Health"],"fullName":"Database Integration Connection Health should maintain stable database connection","status":"passed","title":"should maintain stable database connection","duration":1.9134399999999232,"failureMessages":[],"meta":{}},{"ancestorTitles":["Database Integration","Connection Health"],"fullName":"Database Integration Connection Health should have acceptable query performance","status":"passed","title":"should have acceptable query performance","duration":0.3746999999999616,"failureMessages":[],"meta":{}},{"ancestorTitles":["Database Integration","Connection Health"],"fullName":"Database Integration Connection Health should have low error rate","status":"passed","title":"should have low error rate","duration":0.37877000000003136,"failureMessages":[],"meta":{}},{"ancestorTitles":["Database Integration","Schema Validation"],"fullName":"Database Integration Schema Validation should have required user fields","status":"passed","title":"should have required user fields","duration":0.712099999999964,"failureMessages":[],"meta":{}},{"ancestorTitles":["Database Integration","Schema Validation"],"fullName":"Database Integration Schema Validation should have required tenant fields","status":"passed","title":"should have required tenant fields","duration":0.4250099999999293,"failureMessages":[],"meta":{}},{"ancestorTitles":["Database Integration","Data Integrity"],"fullName":"Database Integration Data Integrity should maintain referential integrity","status":"passed","title":"should maintain referential integrity","duration":0.5131900000000087,"failureMessages":[],"meta":{}}],"startTime":1750412553876,"endTime":1750412553880.5132,"status":"passed","message":"","name":"/home/runner/workspace/tests/database.test.ts"},{"assertionResults":[{"ancestorTitles":["Performance Tests","Response Times"],"fullName":"Performance Tests Response Times should have fast authentication response","status":"passed","title":"should have fast authentication response","duration":13.23718000000008,"failureMessages":[],"meta":{}},{"ancestorTitles":["Performance Tests","Response Times"],"fullName":"Performance Tests Response Times should have efficient database queries","status":"passed","title":"should have efficient database queries","duration":20.770080000000007,"failureMessages":[],"meta":{}},{"ancestorTitles":["Performance Tests","Memory Usage"],"fullName":"Performance Tests Memory Usage should have reasonable memory consumption","status":"passed","title":"should have reasonable memory consumption","duration":0.80925000000002,"failureMessages":[],"meta":{}},{"ancestorTitles":["Performance Tests","Memory Usage"],"fullName":"Performance Tests Memory Usage should not have significant memory leaks","status":"passed","title":"should not have significant memory leaks","duration":144.03504699999985,"failureMessages":[],"meta":{}},{"ancestorTitles":["Performance Tests","Concurrent Operations"],"fullName":"Performance Tests Concurrent Operations should handle concurrent requests efficiently","status":"passed","title":"should handle concurrent requests efficiently","duration":50.22011899999984,"failureMessages":[],"meta":{}}],"startTime":1750412552918,"endTime":1750412553147.2202,"status":"passed","message":"","name":"/home/runner/workspace/tests/performance.test.ts"},{"assertionResults":[],"startTime":1750412551252,"endTime":1750412551252,"status":"failed","message":"[vitest] There was an error when mocking a module. If you are using \"vi.mock\" factory, make sure there are no top level variables inside, since this call is hoisted to top of the file. Read more: https://vitest.dev/api/vi.html#vi-mock","name":"/home/runner/workspace/tests/storage.test.ts"}]}
